<?xml version="1.0" encoding="UTF-8"?>
<testng-results ignored="0" total="1" passed="1" failed="0" skipped="0">
  <reporter-output>
  </reporter-output>
  <suite started-at="2025-03-24T16:29:00 IST" name="Default suite" finished-at="2025-03-24T16:31:15 IST" duration-ms="135084">
    <groups>
    </groups>
    <test started-at="2025-03-24T16:29:00 IST" name="Default test" finished-at="2025-03-24T16:31:15 IST" duration-ms="135084">
      <class name="Base_class.Chrome_driver">
        <test-method signature="lounch()[pri:0, instance:Base_class.Chrome_driver@3b6ddd1d]" started-at="2025-03-24T16:29:01 IST" name="lounch" finished-at="2025-03-24T16:31:15 IST" duration-ms="133786" status="PASS">
          <reporter-output>
          </reporter-output>
        </test-method> <!-- lounch -->
      </class> <!-- Base_class.Chrome_driver -->
    </test> <!-- Default test -->
  </suite> <!-- Default suite -->
</testng-results>
